<?xml version="1.0" encoding="UTF-8"?>
<testsuite xmlns:xsi="http://www.w3.org/2001/XMLSchema-instance" xsi:noNamespaceSchemaLocation="https://maven.apache.org/surefire/maven-surefire-plugin/xsd/surefire-test-report.xsd" name="edu.tallerjava.aceptacion.CategoriesUsingMocksAcceptanceTest" time="1.109" tests="1" errors="0" skipped="1" failures="0">
  <properties>
[...]
</properties>
  <testcase name="findAll" classname="edu.tallerjava.aceptacion.CategoriesUsingMocksAcceptanceTest" time="0">
    <skipped/>
    <system-out><![CDATA[20:00:38.582 [main] DEBUG org.springframework.test.context.junit4.SpringJUnit4ClassRunner - SpringJUnit4ClassRunner constructor called with [class edu.tallerjava.aceptacion.CategoriesUsingMocksAcceptanceTest]
20:00:38.594 [main] DEBUG org.springframework.test.context.BootstrapUtils - Instantiating CacheAwareContextLoaderDelegate from class [org.springframework.test.context.cache.DefaultCacheAwareContextLoaderDelegate]
20:00:38.618 [main] DEBUG org.springframework.test.context.BootstrapUtils - Instantiating BootstrapContext using constructor [public org.springframework.test.context.support.DefaultBootstrapContext(java.lang.Class,org.springframework.test.context.CacheAwareContextLoaderDelegate)]
20:00:38.663 [main] DEBUG org.springframework.test.context.BootstrapUtils - Instantiating TestContextBootstrapper for test class [edu.tallerjava.aceptacion.CategoriesUsingMocksAcceptanceTest] from class [org.springframework.boot.test.context.SpringBootTestContextBootstrapper]
20:00:38.689 [main] INFO org.springframework.boot.test.context.SpringBootTestContextBootstrapper - Neither @ContextConfiguration nor @ContextHierarchy found for test class [edu.tallerjava.aceptacion.CategoriesUsingMocksAcceptanceTest], using SpringBootContextLoader
20:00:38.701 [main] DEBUG org.springframework.test.context.support.AbstractContextLoader - Did not detect default resource location for test class [edu.tallerjava.aceptacion.CategoriesUsingMocksAcceptanceTest]: class path resource [edu/tallerjava/aceptacion/CategoriesUsingMocksAcceptanceTest-context.xml] does not exist
20:00:38.712 [main] DEBUG org.springframework.test.context.support.AbstractContextLoader - Did not detect default resource location for test class [edu.tallerjava.aceptacion.CategoriesUsingMocksAcceptanceTest]: class path resource [edu/tallerjava/aceptacion/CategoriesUsingMocksAcceptanceTestContext.groovy] does not exist
20:00:38.712 [main] INFO org.springframework.test.context.support.AbstractContextLoader - Could not detect default resource locations for test class [edu.tallerjava.aceptacion.CategoriesUsingMocksAcceptanceTest]: no resource found for suffixes {-context.xml, Context.groovy}.
20:00:38.719 [main] INFO org.springframework.test.context.support.AnnotationConfigContextLoaderUtils - Could not detect default configuration classes for test class [edu.tallerjava.aceptacion.CategoriesUsingMocksAcceptanceTest]: CategoriesUsingMocksAcceptanceTest does not declare any static, non-private, non-final, nested classes annotated with @Configuration.
20:00:38.796 [main] DEBUG org.springframework.test.context.support.ActiveProfilesUtils - Could not find an 'annotation declaring class' for annotation type [org.springframework.test.context.ActiveProfiles] and class [edu.tallerjava.aceptacion.CategoriesUsingMocksAcceptanceTest]
20:00:38.988 [main] DEBUG org.springframework.context.annotation.ClassPathScanningCandidateComponentProvider - Identified candidate component class: file [/Users/mponsa/Documents/Projects/apimagic/target/classes/edu/tallerjava/Application.class]
20:00:38.992 [main] INFO org.springframework.boot.test.context.SpringBootTestContextBootstrapper - Found @SpringBootConfiguration edu.tallerjava.Application for test class edu.tallerjava.aceptacion.CategoriesUsingMocksAcceptanceTest
20:00:39.164 [main] DEBUG org.springframework.boot.test.context.SpringBootTestContextBootstrapper - @TestExecutionListeners is not present for class [edu.tallerjava.aceptacion.CategoriesUsingMocksAcceptanceTest]: using defaults.
20:00:39.166 [main] INFO org.springframework.boot.test.context.SpringBootTestContextBootstrapper - Loaded default TestExecutionListener class names from location [META-INF/spring.factories]: [org.springframework.boot.test.mock.mockito.MockitoTestExecutionListener, org.springframework.boot.test.mock.mockito.ResetMocksTestExecutionListener, org.springframework.boot.test.autoconfigure.restdocs.RestDocsTestExecutionListener, org.springframework.boot.test.autoconfigure.web.client.MockRestServiceServerResetTestExecutionListener, org.springframework.boot.test.autoconfigure.web.servlet.MockMvcPrintOnlyOnFailureTestExecutionListener, org.springframework.boot.test.autoconfigure.web.servlet.WebDriverTestExecutionListener, org.springframework.test.context.web.ServletTestExecutionListener, org.springframework.test.context.support.DirtiesContextBeforeModesTestExecutionListener, org.springframework.test.context.support.DependencyInjectionTestExecutionListener, org.springframework.test.context.support.DirtiesContextTestExecutionListener, org.springframework.test.context.transaction.TransactionalTestExecutionListener, org.springframework.test.context.jdbc.SqlScriptsTestExecutionListener]
20:00:39.198 [main] INFO org.springframework.boot.test.context.SpringBootTestContextBootstrapper - Using TestExecutionListeners: [org.springframework.test.context.web.ServletTestExecutionListener@6e9175d8, org.springframework.test.context.support.DirtiesContextBeforeModesTestExecutionListener@7d0b7e3c, org.springframework.boot.test.mock.mockito.MockitoTestExecutionListener@15bb5034, org.springframework.boot.test.autoconfigure.SpringBootDependencyInjectionTestExecutionListener@4b741d6d, org.springframework.test.context.support.DirtiesContextTestExecutionListener@2eae8e6e, org.springframework.test.context.transaction.TransactionalTestExecutionListener@8f2ef19, org.springframework.test.context.jdbc.SqlScriptsTestExecutionListener@470734c3, org.springframework.boot.test.mock.mockito.ResetMocksTestExecutionListener@2cf3d63b, org.springframework.boot.test.autoconfigure.restdocs.RestDocsTestExecutionListener@7674f035, org.springframework.boot.test.autoconfigure.web.client.MockRestServiceServerResetTestExecutionListener@69e153c5, org.springframework.boot.test.autoconfigure.web.servlet.MockMvcPrintOnlyOnFailureTestExecutionListener@173ed316, org.springframework.boot.test.autoconfigure.web.servlet.WebDriverTestExecutionListener@25ce9dc4]
20:00:39.203 [main] DEBUG org.springframework.test.annotation.ProfileValueUtils - Retrieved @ProfileValueSourceConfiguration [null] for test class [edu.tallerjava.aceptacion.CategoriesUsingMocksAcceptanceTest]
20:00:39.204 [main] DEBUG org.springframework.test.annotation.ProfileValueUtils - Retrieved ProfileValueSource type [class org.springframework.test.annotation.SystemProfileValueSource] for class [edu.tallerjava.aceptacion.CategoriesUsingMocksAcceptanceTest]
20:00:39.207 [main] DEBUG org.springframework.test.annotation.ProfileValueUtils - Retrieved @ProfileValueSourceConfiguration [null] for test class [edu.tallerjava.aceptacion.CategoriesUsingMocksAcceptanceTest]
20:00:39.207 [main] DEBUG org.springframework.test.annotation.ProfileValueUtils - Retrieved ProfileValueSource type [class org.springframework.test.annotation.SystemProfileValueSource] for class [edu.tallerjava.aceptacion.CategoriesUsingMocksAcceptanceTest]
20:00:39.208 [main] DEBUG org.springframework.test.annotation.ProfileValueUtils - Retrieved @ProfileValueSourceConfiguration [null] for test class [edu.tallerjava.aceptacion.CategoriesUsingMocksAcceptanceTest]
20:00:39.209 [main] DEBUG org.springframework.test.annotation.ProfileValueUtils - Retrieved ProfileValueSource type [class org.springframework.test.annotation.SystemProfileValueSource] for class [edu.tallerjava.aceptacion.CategoriesUsingMocksAcceptanceTest]
]]></system-out>
  </testcase>
</testsuite>